\BOOKMARK [1][-]{section.1}{Dynamical Systems Approach}{}% 1
\BOOKMARK [2][-]{subsection.1.1}{Reaction Kinetics}{section.1}% 2
\BOOKMARK [3][-]{subsubsection.1.1.1}{Chemical Master Equation}{subsection.1.1}% 3
\BOOKMARK [3][-]{subsubsection.1.1.2}{Reaction Equation}{subsection.1.1}% 4
\BOOKMARK [3][-]{subsubsection.1.1.3}{Bifurcation Analysis}{subsection.1.1}% 5
\BOOKMARK [3][-]{subsubsection.1.1.4}{Attractor Geometry and Universality}{subsection.1.1}% 6
\BOOKMARK [3][-]{subsubsection.1.1.5}{Reaction-Diffusion}{subsection.1.1}% 7
\BOOKMARK [1][-]{section.2}{Field Theory Approach}{}% 8
\BOOKMARK [2][-]{subsection.2.1}{Doi Representation}{section.2}% 9
\BOOKMARK [3][-]{subsubsection.2.1.1}{Reaction Term}{subsection.2.1}% 10
\BOOKMARK [3][-]{subsubsection.2.1.2}{Diffusion Term}{subsection.2.1}% 11
\BOOKMARK [3][-]{subsubsection.2.1.3}{Reaction-Diffusion Hamiltonian}{subsection.2.1}% 12
\BOOKMARK [2][-]{subsection.2.2}{Green's Functions}{section.2}% 13
\BOOKMARK [3][-]{subsubsection.2.2.1}{Non-unitary Evolution Operator}{subsection.2.2}% 14
\BOOKMARK [3][-]{subsubsection.2.2.2}{Dynamical Ensemble Averages}{subsection.2.2}% 15
\BOOKMARK [3][-]{subsubsection.2.2.3}{The Heisenberg Picture}{subsection.2.2}% 16
\BOOKMARK [3][-]{subsubsection.2.2.4}{Green's Functions \046 the Hierarchy}{subsection.2.2}% 17
\BOOKMARK [3][-]{subsubsection.2.2.5}{Noninteracting Equations of Motion}{subsection.2.2}% 18
\BOOKMARK [3][-]{subsubsection.2.2.6}{The Dyson Equation}{subsection.2.2}% 19
\BOOKMARK [3][-]{subsubsection.2.2.7}{The Keldysh Equation}{subsection.2.2}% 20
\BOOKMARK [3][-]{subsubsection.2.2.8}{Time Independent Steady State Regime}{subsection.2.2}% 21
\BOOKMARK [1][-]{section.3}{Model Systems}{}% 22
\BOOKMARK [2][-]{subsection.3.1}{Lotka\205Volterra}{section.3}% 23
\BOOKMARK [2][-]{subsection.3.2}{Michaelis\205Menten}{section.3}% 24
\BOOKMARK [1][-]{appendix.A}{Chemical Master Equation}{}% 25
\BOOKMARK [1][-]{appendix.B}{Doi Representation}{}% 26
\BOOKMARK [2][-]{subsection.B.1}{Commutation Relations}{appendix.B}% 27
\BOOKMARK [2][-]{subsection.B.2}{Propensity}{appendix.B}% 28
\BOOKMARK [2][-]{subsection.B.3}{Shifts}{appendix.B}% 29
\BOOKMARK [2][-]{subsection.B.4}{Reaction Term}{appendix.B}% 30
